Line 15: Class CrystalActiveXReportViewerLib11Ctl.CrystalActiveXReportViewer of control CRView was not a loaded control class.
Line 21: The property name _cx in CRViewer1 is invalid.
Line 22: The property name _cy in CRViewer1 is invalid.
Line 23: The property name DisplayGroupTree in CRViewer1 is invalid.
Line 24: The property name DisplayToolbar in CRViewer1 is invalid.
Line 25: The property name EnableGroupTree in CRViewer1 is invalid.
Line 26: The property name EnableNavigationControls in CRViewer1 is invalid.
Line 27: The property name EnableStopButton in CRViewer1 is invalid.
Line 28: The property name EnablePrintButton in CRViewer1 is invalid.
Line 29: The property name EnableZoomControl in CRViewer1 is invalid.
Line 30: The property name EnableCloseButton in CRViewer1 is invalid.
Line 31: The property name EnableProgressControl in CRViewer1 is invalid.
Line 32: The property name EnableSearchControl in CRViewer1 is invalid.
Line 33: The property name EnableRefreshButton in CRViewer1 is invalid.
Line 34: The property name EnableDrillDown in CRViewer1 is invalid.
Line 35: The property name EnableAnimationControl in CRViewer1 is invalid.
Line 36: The property name EnableSelectExpertButton in CRViewer1 is invalid.
Line 37: The property name EnableToolbar in CRViewer1 is invalid.
Line 38: The property name DisplayBorder in CRViewer1 is invalid.
Line 39: The property name DisplayTabs in CRViewer1 is invalid.
Line 40: The property name DisplayBackgroundEdge in CRViewer1 is invalid.
Line 41: The property name SelectionFormula in CRViewer1 is invalid.
Line 42: The property name EnablePopupMenu in CRViewer1 is invalid.
Line 43: The property name EnableExportButton in CRViewer1 is invalid.
Line 44: The property name EnableSearchExpertButton in CRViewer1 is invalid.
Line 45: The property name EnableHelpButton in CRViewer1 is invalid.
Line 46: The property name LaunchHTTPHyperlinksInNewBrowser in CRViewer1 is invalid.
Line 47: The property name EnableLogonPrompts in CRViewer1 is invalid.
Line 48: The property name LocaleID in CRViewer1 is invalid.
